[13:44:00] [Client thread/INFO]: Setting user: jeff
[13:44:01] [Client thread/WARN]: Skipping bad option: lastServer:
[13:44:01] [Client thread/INFO]: LWJGL Version: 2.9.4
[13:44:01] [Client thread/INFO]: Reloading ResourceManager: Default
[13:44:02] [Sound Library Loader/INFO]: Starting up SoundSystem...
[13:44:02] [Thread-3/INFO]: Initializing LWJGL OpenAL
[13:44:02] [Thread-3/INFO]: (The LWJGL binding of OpenAL.  For more information, see http://www.lwjgl.org)
[13:44:02] [Thread-3/INFO]: OpenAL initialized.
[13:44:03] [Sound Library Loader/INFO]: Sound engine started
[13:44:04] [Client thread/INFO]: Created: 1024x512 textures-atlas
[13:44:09] [Server thread/INFO]: Starting integrated minecraft server version 1.11.2
[13:44:09] [Server thread/INFO]: Generating keypair
[13:44:09] [Server thread/INFO]: Preparing start region for level 0
[13:44:10] [Server thread/INFO]: Preparing spawn area: 58%
[13:44:11] [Server thread/INFO]: Changing view distance to 12, from 10
[13:44:12] [Server thread/INFO]: jeff[local:E:8beeb9d5] logged in with entity id 243 at (-72.87986908361987, 68.0, 195.2516084085871)
[13:44:12] [Server thread/INFO]: jeff加入了游戏
[13:44:12] [Server thread/INFO]: Saving and pausing game...
[13:44:12] [Server thread/INFO]: Saving chunks for level 'New World'/Overworld
[13:44:13] [Server thread/INFO]: Saving chunks for level 'New World'/Nether
[13:44:13] [Server thread/INFO]: Saving chunks for level 'New World'/The End
[13:44:35] [Server thread/INFO]: Saving and pausing game...
[13:44:35] [Server thread/INFO]: Saving chunks for level 'New World'/Overworld
[13:44:35] [Server thread/INFO]: Saving chunks for level 'New World'/Nether
[13:44:35] [Server thread/INFO]: Saving chunks for level 'New World'/The End
[13:45:03] [Server thread/INFO]: Saving and pausing game...
[13:45:03] [Server thread/INFO]: Saving chunks for level 'New World'/Overworld
[13:45:03] [Server thread/INFO]: Saving chunks for level 'New World'/Nether
[13:45:03] [Server thread/INFO]: Saving chunks for level 'New World'/The End
[14:07:04] [Server thread/INFO]: jeff被骷髅射杀
[14:07:04] [Client thread/INFO]: [CHAT] jeff被骷髅射杀
[14:10:21] [Server thread/INFO]: jeff落地过猛
[14:10:21] [Client thread/INFO]: [CHAT] jeff落地过猛
[14:12:30] [Server thread/INFO]: jeff被骷髅射杀
[14:12:30] [Client thread/INFO]: [CHAT] jeff被骷髅射杀
[14:16:12] [Server thread/INFO]: jeff落地过猛
[14:16:12] [Client thread/INFO]: [CHAT] jeff落地过猛
[14:16:15] [Server thread/INFO]: Saving and pausing game...
[14:16:15] [Server thread/INFO]: Saving chunks for level 'New World'/Overworld
[14:16:16] [Server thread/INFO]: Saving chunks for level 'New World'/Nether
[14:16:16] [Server thread/INFO]: Saving chunks for level 'New World'/The End
[14:16:16] [Server thread/INFO]: Stopping server
[14:16:16] [File IO Thread/INFO]: [STDERR]: java.io.IOException: Stream Closed
[14:16:16] [File IO Thread/INFO]: [STDERR]: 	at java.base/java.io.RandomAccessFile.write0(Native Method)
[14:16:16] [File IO Thread/INFO]: [STDERR]: 	at java.base/java.io.RandomAccessFile.write(RandomAccessFile.java:523)
[14:16:16] [File IO Thread/INFO]: [STDERR]: 	at java.base/java.io.RandomAccessFile.writeInt(RandomAccessFile.java:1065)
[14:16:16] [File IO Thread/INFO]: [STDERR]: 	at avb.a(SourceFile:324)
[14:16:16] [File IO Thread/INFO]: [STDERR]: 	at avb.a(SourceFile:263)
[14:16:16] [File IO Thread/INFO]: [STDERR]: 	at avb$a.close(SourceFile:244)
[14:16:16] [File IO Thread/INFO]: [STDERR]: 	at java.base/java.util.zip.DeflaterOutputStream.close(DeflaterOutputStream.java:242)
[14:16:16] [File IO Thread/INFO]: [STDERR]: 	at java.base/java.io.FilterOutputStream.close(FilterOutputStream.java:188)
[14:16:16] [File IO Thread/INFO]: [STDERR]: 	at java.base/java.io.FilterOutputStream.close(FilterOutputStream.java:188)
[14:16:16] [File IO Thread/INFO]: [STDERR]: 	at avd.b(SourceFile:160)
[14:16:16] [Server thread/INFO]: Saving players
[14:16:16] [File IO Thread/INFO]: [STDERR]: 	at avd.c(SourceFile:145)
[14:16:16] [File IO Thread/INFO]: [STDERR]: 	at bdp.c(SourceFile:37)
[14:16:16] [File IO Thread/INFO]: [STDERR]: 	at bdp.run(SourceFile:30)
[14:16:16] [File IO Thread/INFO]: [STDERR]: 	at java.base/java.lang.Thread.run(Thread.java:844)
[14:16:16] [Server thread/INFO]: jeff lost connection: TextComponent{text='Disconnected', siblings=[], style=Style{hasParent=false, color=null, bold=null, italic=null, underlined=null, obfuscated=null, clickEvent=null, hoverEvent=null, insertion=null}}
[14:16:16] [Server thread/INFO]: jeff退出了游戏
[14:16:16] [Server thread/INFO]: Stopping singleplayer server as player logged out
[14:16:16] [Server thread/INFO]: Saving worlds
[14:16:16] [Server thread/INFO]: Saving chunks for level 'New World'/Overworld
[14:16:16] [Server thread/INFO]: Saving chunks for level 'New World'/Nether
[14:16:16] [Server thread/INFO]: Saving chunks for level 'New World'/The End
[14:16:18] [Client thread/INFO]: Stopping!
[14:16:18] [Client thread/INFO]: SoundSystem shutting down...
[14:16:18] [Client thread/WARN]: Author: Paul Lamb, www.paulscode.com
